  main.cpp
C:\Users\k2002\source\repos\Original_Format\Original_Format\main.cpp(70,18): warning C4244: '=': 'double' から 'float' への変換です。データが失われる可能性があります。
C:\Users\k2002\source\repos\Original_Format\Original_Format\main.cpp(122,18): warning C4244: '=': 'double' から 'float' への変換です。データが失われる可能性があります。
C:\Users\k2002\source\repos\Original_Format\Original_Format\main.cpp(129,19): warning C4244: '引数': 'float' から '_Ty' への変換です。データが失われる可能性があります。
          with
          [
              _Ty=int
          ]
C:\Users\k2002\source\repos\Original_Format\Original_Format\main.cpp(173,18): warning C4244: '=': 'double' から 'float' への変換です。データが失われる可能性があります。
C:\Users\k2002\source\repos\Original_Format\Original_Format\main.cpp(199,8): warning C4101: 'str1': ローカル変数は 1 度も使われていません。
C:\Users\k2002\source\repos\Original_Format\Original_Format\main.cpp(266,20): warning C4018: '<': signed と unsigned の数値を比較しようとしました。
C:\Users\k2002\source\repos\Original_Format\Original_Format\main.cpp(289,20): warning C4018: '<': signed と unsigned の数値を比較しようとしました。
C:\Users\k2002\source\repos\Original_Format\Original_Format\main.cpp(309,20): warning C4018: '<': signed と unsigned の数値を比較しようとしました。
C:\Users\k2002\source\repos\Original_Format\Original_Format\main.cpp(330,20): warning C4018: '<': signed と unsigned の数値を比較しようとしました。
C:\Users\k2002\source\repos\Original_Format\Original_Format\main.cpp(333,20): warning C4018: '<': signed と unsigned の数値を比較しようとしました。
C:\Users\k2002\source\repos\Original_Format\Original_Format\main.cpp(336,20): warning C4018: '<': signed と unsigned の数値を比較しようとしました。
C:\Users\k2002\source\repos\Original_Format\Original_Format\main.cpp(340,20): warning C4018: '<': signed と unsigned の数値を比較しようとしました。
C:\Users\k2002\source\repos\Original_Format\Original_Format\main.cpp(353,20): warning C4018: '<': signed と unsigned の数値を比較しようとしました。
C:\Users\k2002\source\repos\Original_Format\Original_Format\main.cpp(374,30): warning C4018: '<': signed と unsigned の数値を比較しようとしました。
C:\Users\k2002\source\repos\Original_Format\Original_Format\main.cpp(391,28): warning C4018: '<': signed と unsigned の数値を比較しようとしました。
C:\Users\k2002\source\repos\Original_Format\Original_Format\main.cpp(405,15): warning C4244: '初期化中': 'float' から 'int' への変換です。データが失われる可能性があります。
  Original_Format.vcxproj -> C:\Users\k2002\source\repos\Original_Format\Debug\Original_Format.exe
